[debug] > Exec(early(addDefaultCommands), None, None)
[debug] > Exec(addDefaultCommands, None, None)
[debug] > Exec(early(initialize), None, None)
[debug] > Exec(initialize, None, None)
[debug] > Exec(early(addPluginSbtFile="""C:\Users\liam\AppData\Local\Temp\idea4.sbt"""), None, None)
[debug] > Exec(addPluginSbtFile="""C:\Users\liam\AppData\Local\Temp\idea4.sbt""", None, None)
[debug] > Exec(boot, None, None)
[debug] > Exec(writeSbtVersion, None, None)
[debug] > Exec(reload, None, None)
[debug] > Exec(sbtStashOnFailure, None, None)
[debug] > Exec(onFailure loadFailed, None, None)
[debug] > Exec(loadp, None, None)
[info] welcome to sbt 1.6.2 (Oracle Corporation Java 17.0.1)
[debug]       Load.loadUnit: plugins took 286.287401ms
[debug]       Load.loadUnit: defsScala took 1.241599ms
[debug] [Loading] Scanning directory C:\Users\liam\.sbt\1.0\plugins
[debug] [Loading] Found non-root projects 
[debug] [Loading] Done in C:\Users\liam\.sbt\1.0\plugins, returning: ()
[debug] deducing auto plugins based on known facts Set(Atom(sbt.plugins.CorePlugin)) and clauses Clauses(Clause(Atom(sbt.plugins.JvmPlugin),Set(Atom(sbt.plugins.IvyPlugin)))
[debug] Clause(Atom(sbt.ScriptedPlugin),Set(Atom(sbt.plugins.JvmPlugin)))
[debug] Clause(Atom(sbt.plugins.SbtPlugin),Set(Atom(sbt.ScriptedPlugin)))
[debug] Clause(Atom(sbt.plugins.SemanticdbPlugin),Set(Atom(sbt.plugins.JvmPlugin)))
[debug] Clause(Atom(sbt.plugins.JUnitXmlReportPlugin),Set(Atom(sbt.plugins.JvmPlugin)))
[debug] Clause(Atom(sbt.plugins.MiniDependencyTreePlugin),Set(Atom(sbt.plugins.JvmPlugin)))
[debug] Clause(Atom(sbt.plugins.CorePlugin),Set(Atom(sbt.plugins.IvyPlugin)))
[debug] Clause(Atom(sbt.plugins.IvyPlugin),Set(Atom(sbt.plugins.JvmPlugin)))
[debug] Clause(Atom(sbt.plugins.JvmPlugin),Set(Atom(sbt.plugins.SemanticdbPlugin)))
[debug] Clause(Atom(sbt.plugins.JvmPlugin),Set(Atom(sbt.plugins.JUnitXmlReportPlugin)))
[debug] Clause(Atom(sbt.plugins.CorePlugin),Set(Atom(sbt.plugins.Giter8TemplatePlugin)))
[debug] Clause(Atom(sbt.plugins.JvmPlugin),Set(Atom(sbt.plugins.MiniDependencyTreePlugin))))
[debug]   :: deduced result: Matched(sbt.plugins.CorePlugin,sbt.plugins.Giter8TemplatePlugin,sbt.plugins.IvyPlugin,sbt.plugins.JvmPlugin,sbt.plugins.MiniDependencyTreePlugin,sbt.plugins.JUnitXmlReportPlugin,sbt.plugins.SemanticdbPlugin)
[debug] Plugins.deducer#function took 49.3637 ms
[debug]           Load.resolveProject(global-plugins) took 141.452901ms
[debug]         Load.loadTransitive: finalizeProject(Project(id global-plugins, base: C:\Users\liam\.sbt\1.0\plugins, plugins: List(<none>))) took 263.5278ms
[debug] [Loading] Done in C:\Users\liam\.sbt\1.0\plugins, returning: (global-plugins)
[debug]       Load.loadUnit: loadedProjectsRaw took 336.1627ms
[debug]       Load.loadUnit: cleanEvalClasses took 0.831701ms
[debug]     Load.loadUnit(file:/C:/Users/liam/.sbt/1.0/plugins/, ...) took 652.0764ms
[debug]   Load.apply: load took 1190.3568ms
[debug]   Load.apply: resolveProjects took 16.3596ms
[debug]   Load.apply: finalTransforms took 199.6632ms
[debug]   Load.apply: config.delegates took 25.7329ms
[debug]   Load.apply: Def.make(settings)... took 1980.217ms
[debug]   Load.apply: structureIndex took 396.384901ms
[debug]   Load.apply: mkStreams took 5.9323ms
[info] loading global plugins from C:\Users\liam\.sbt\1.0\plugins
[debug] Running task... Cancel: Signal, check cycles: false, forcegc: true
[debug] Load.defaultLoad until apply took 8110.9695ms
[debug]                 Load.loadUnit: plugins took 75.0002ms
[debug]                 Load.loadUnit: defsScala took 0.008701ms
[debug] [Loading] Scanning directory C:\Users\liam\Code\MagicalMonsters\project\project
[debug]                   Load.loadUnit: mkEval took 14.7595ms
[debug] [Loading] Found non-root projects 
[debug] [Loading] Done in C:\Users\liam\Code\MagicalMonsters\project\project, returning: ()
[debug] deducing auto plugins based on known facts Set(Atom(sbt.plugins.CorePlugin)) and clauses Clauses(Clause(Atom(sbt.plugins.JvmPlugin),Set(Atom(sbt.plugins.IvyPlugin)))
[debug] Clause(Atom(sbt.ScriptedPlugin),Set(Atom(sbt.plugins.JvmPlugin)))
[debug] Clause(Atom(sbt.plugins.SbtPlugin),Set(Atom(sbt.ScriptedPlugin)))
[debug] Clause(Atom(sbt.plugins.SemanticdbPlugin),Set(Atom(sbt.plugins.JvmPlugin)))
[debug] Clause(Atom(sbt.plugins.JUnitXmlReportPlugin),Set(Atom(sbt.plugins.JvmPlugin)))
[debug] Clause(Atom(sbt.plugins.MiniDependencyTreePlugin),Set(Atom(sbt.plugins.JvmPlugin)))
[debug] Clause(Atom(sbt.plugins.CorePlugin),Set(Atom(sbt.plugins.IvyPlugin)))
[debug] Clause(Atom(sbt.plugins.IvyPlugin),Set(Atom(sbt.plugins.JvmPlugin)))
[debug] Clause(Atom(sbt.plugins.JvmPlugin),Set(Atom(sbt.plugins.SemanticdbPlugin)))
[debug] Clause(Atom(sbt.plugins.JvmPlugin),Set(Atom(sbt.plugins.JUnitXmlReportPlugin)))
[debug] Clause(Atom(sbt.plugins.CorePlugin),Set(Atom(sbt.plugins.Giter8TemplatePlugin)))
[debug] Clause(Atom(sbt.plugins.JvmPlugin),Set(Atom(sbt.plugins.MiniDependencyTreePlugin))))
[debug]   :: deduced result: Matched(sbt.plugins.CorePlugin,sbt.plugins.Giter8TemplatePlugin,sbt.plugins.IvyPlugin,sbt.plugins.JvmPlugin,sbt.plugins.MiniDependencyTreePlugin,sbt.plugins.JUnitXmlReportPlugin,sbt.plugins.SemanticdbPlugin)
[debug] Plugins.deducer#function took 4.8058 ms
[info] loading settings for project magicalmonsters-build-build from metals.sbt ...
[debug]                     Load.resolveProject(magicalmonsters-build-build) took 18.741501ms
[debug]                   Load.loadTransitive: finalizeProject(Project(id magicalmonsters-build-build, base: C:\Users\liam\Code\MagicalMonsters\project\project, plugins: List(<none>))) took 24.8661ms
[debug] [Loading] Done in C:\Users\liam\Code\MagicalMonsters\project\project, returning: (magicalmonsters-build-build)
[debug]                 Load.loadUnit: loadedProjectsRaw took 307.1336ms
[debug]                 Load.loadUnit: cleanEvalClasses took 13.327401ms
[debug]               Load.loadUnit(file:/C:/Users/liam/Code/MagicalMonsters/project/project/, ...) took 397.8114ms
[debug]             Load.apply: load took 401.3089ms
[debug]             Load.apply: resolveProjects took 0.2464ms
[debug]             Load.apply: finalTransforms took 31.3762ms
[debug]             Load.apply: config.delegates took 1.128801ms
[debug]             Load.apply: Def.make(settings)... took 281.0975ms
[debug]             Load.apply: structureIndex took 101.8109ms
[debug]             Load.apply: mkStreams took 0.0054ms
[info] loading project definition from C:\Users\liam\Code\MagicalMonsters\project\project
[debug] Running task... Cancel: Signal, check cycles: false, forcegc: true
[debug]           Load.loadUnit: plugins took 1861.0628ms
[debug]           Load.loadUnit: defsScala took 0.0093ms
[debug] [Loading] Scanning directory C:\Users\liam\Code\MagicalMonsters\project
[debug]             Load.loadUnit: mkEval took 0.741701ms
[debug] [Loading] Found non-root projects 
[debug] [Loading] Done in C:\Users\liam\Code\MagicalMonsters\project, returning: ()
[debug] deducing auto plugins based on known facts Set(Atom(sbt.plugins.CorePlugin)) and clauses Clauses(Clause(Atom(sbt.plugins.JvmPlugin),Set(Atom(sbt.plugins.IvyPlugin)))
[debug] Clause(Atom(sbt.ScriptedPlugin),Set(Atom(sbt.plugins.JvmPlugin)))
[debug] Clause(Atom(sbt.plugins.SbtPlugin),Set(Atom(sbt.ScriptedPlugin)))
[debug] Clause(Atom(sbt.plugins.SemanticdbPlugin),Set(Atom(sbt.plugins.JvmPlugin)))
[debug] Clause(Atom(sbt.plugins.JUnitXmlReportPlugin),Set(Atom(sbt.plugins.JvmPlugin)))
[debug] Clause(Atom(sbt.plugins.MiniDependencyTreePlugin),Set(Atom(sbt.plugins.JvmPlugin)))
[debug] Clause(Atom(bloop.integrations.sbt.BloopPlugin),Set(Atom(sbt.plugins.JvmPlugin)))
[debug] Clause(Atom(sbt.plugins.CorePlugin),Set(Atom(sbt.plugins.IvyPlugin)))
[debug] Clause(Atom(sbt.plugins.IvyPlugin),Set(Atom(sbt.plugins.JvmPlugin)))
[debug] Clause(Atom(sbt.plugins.JvmPlugin),Set(Atom(sbt.plugins.SemanticdbPlugin)))
[debug] Clause(Atom(sbt.plugins.JvmPlugin),Set(Atom(sbt.plugins.JUnitXmlReportPlugin)))
[debug] Clause(Atom(sbt.plugins.CorePlugin),Set(Atom(sbt.plugins.Giter8TemplatePlugin)))
[debug] Clause(Atom(sbt.plugins.JvmPlugin),Set(Atom(sbt.plugins.MiniDependencyTreePlugin)))
[debug] Clause(Atom(sbt.plugins.JvmPlugin),Set(Atom(bloop.integrations.sbt.BloopPlugin))))
[debug]   :: deduced result: Matched(sbt.plugins.CorePlugin,sbt.plugins.Giter8TemplatePlugin,sbt.plugins.IvyPlugin,sbt.plugins.JvmPlugin,bloop.integrations.sbt.BloopPlugin,sbt.plugins.MiniDependencyTreePlugin,sbt.plugins.JUnitXmlReportPlugin,sbt.plugins.SemanticdbPlugin)
[debug] Plugins.deducer#function took 6.2334 ms
[info] loading settings for project magicalmonsters-build from metals.sbt,idea4.sbt ...
[debug]               Load.resolveProject(magicalmonsters-build) took 57.722599ms
[debug]             Load.loadTransitive: finalizeProject(Project(id magicalmonsters-build, base: C:\Users\liam\Code\MagicalMonsters\project, plugins: List(<none>))) took 65.6219ms
[debug] [Loading] Done in C:\Users\liam\Code\MagicalMonsters\project, returning: (magicalmonsters-build)
[debug]           Load.loadUnit: loadedProjectsRaw took 215.145ms
[debug]           Load.loadUnit: cleanEvalClasses took 21.894699ms
[debug]         Load.loadUnit(file:/C:/Users/liam/Code/MagicalMonsters/project/, ...) took 2100.5084ms
[debug]       Load.apply: load took 2105.1704ms
[debug]       Load.apply: resolveProjects took 0.567501ms
[debug]       Load.apply: finalTransforms took 52.003701ms
[debug]       Load.apply: config.delegates took 0.9977ms
[debug]       Load.apply: Def.make(settings)... took 273.8527ms
[debug]       Load.apply: structureIndex took 110.636999ms
[debug]       Load.apply: mkStreams took 0.0055ms
[info] loading project definition from C:\Users\liam\Code\MagicalMonsters\project
[debug] Evaluating tasks: bloopInstall
[debug] Running task... Cancel: Signal, check cycles: false, forcegc: true
[success] Generated .bloop\magicalmonsters-build.json
[success] Total time: 2 s, completed Jun. 27, 2022, 5:11:19 p.m.
[debug] Running task... Cancel: Signal, check cycles: false, forcegc: true
[debug]     Load.loadUnit: plugins took 4962.353ms
[debug]     Load.loadUnit: defsScala took 0.0089ms
[debug] [Loading] Scanning directory C:\Users\liam\Code\MagicalMonsters
[debug]       Load.loadUnit: mkEval took 0.618299ms
[debug] [Loading] Found root project root w/ remaining 
[debug] deducing auto plugins based on known facts Set(Atom(sbt.plugins.CorePlugin)) and clauses Clauses(Clause(Atom(sbt.plugins.JvmPlugin),Set(Atom(sbt.plugins.IvyPlugin)))
[debug] Clause(Atom(sbt.ScriptedPlugin),Set(Atom(sbt.plugins.JvmPlugin)))
[debug] Clause(Atom(sbt.plugins.SbtPlugin),Set(Atom(sbt.ScriptedPlugin)))
[debug] Clause(Atom(sbt.plugins.SemanticdbPlugin),Set(Atom(sbt.plugins.JvmPlugin)))
[debug] Clause(Atom(sbt.plugins.JUnitXmlReportPlugin),Set(Atom(sbt.plugins.JvmPlugin)))
[debug] Clause(Atom(sbt.plugins.MiniDependencyTreePlugin),Set(Atom(sbt.plugins.JvmPlugin)))
[debug] Clause(Atom(bloop.integrations.sbt.BloopPlugin),Set(Atom(sbt.plugins.JvmPlugin)))
[debug] Clause(Atom(org.jetbrains.sbt.StructurePlugin),Set(Atom(sbt.plugins.JvmPlugin)))
[debug] Clause(Atom(org.jetbrains.sbt.IdeaShellPlugin),Set(Atom(sbt.plugins.JvmPlugin)))
[debug] Clause(Atom(org.jetbrains.sbt.indices.SbtIntellijIndicesPlugin),Set(Atom(sbt.plugins.JvmPlugin)))
[debug] Clause(Atom(sbt.plugins.CorePlugin),Set(Atom(sbt.plugins.IvyPlugin)))
[debug] Clause(Atom(sbt.plugins.IvyPlugin),Set(Atom(sbt.plugins.JvmPlugin)))
[debug] Clause(Atom(sbt.plugins.JvmPlugin),Set(Atom(sbt.plugins.SemanticdbPlugin)))
[debug] Clause(Atom(sbt.plugins.JvmPlugin),Set(Atom(sbt.plugins.JUnitXmlReportPlugin)))
[debug] Clause(Atom(sbt.plugins.CorePlugin),Set(Atom(sbt.plugins.Giter8TemplatePlugin)))
[debug] Clause(Atom(sbt.plugins.JvmPlugin),Set(Atom(sbt.plugins.MiniDependencyTreePlugin)))
[debug] Clause(Atom(sbt.plugins.JvmPlugin),Set(Atom(bloop.integrations.sbt.BloopPlugin)))
[debug] Clause(Atom(sbt.plugins.JvmPlugin),Set(Atom(org.jetbrains.sbt.StructurePlugin)))
[debug] Clause(Atom(sbt.plugins.JvmPlugin),Set(Atom(org.jetbrains.sbt.IdeaShellPlugin)))
[debug] Clause(And(Set(Atom(sbt.plugins.CorePlugin), Atom(sbt.plugins.JvmPlugin))),Set(Atom(org.jetbrains.sbt.indices.SbtIntellijIndicesPlugin))))
[debug]   :: deduced result: Matched(sbt.plugins.CorePlugin,sbt.plugins.Giter8TemplatePlugin,sbt.plugins.IvyPlugin,sbt.plugins.JvmPlugin,bloop.integrations.sbt.BloopPlugin,sbt.plugins.SemanticdbPlugin,org.jetbrains.sbt.indices.SbtIntellijIndicesPlugin,sbt.plugins.JUnitXmlReportPlugin,org.jetbrains.sbt.IdeaShellPlugin,org.jetbrains.sbt.StructurePlugin,sbt.plugins.MiniDependencyTreePlugin)
[debug] Plugins.deducer#function took 6.9095 ms
[info] loading settings for project root from build.sbt ...
[debug]         Load.resolveProject(root) took 136.4986ms
[debug]       Load.loadTransitive: finalizeProject(Project(id root, base: C:\Users\liam\Code\MagicalMonsters, plugins: List(<none>))) took 147.6344ms
[debug] [Loading] Done in C:\Users\liam\Code\MagicalMonsters, returning: (root)
[debug]     Load.loadUnit: loadedProjectsRaw took 385.9201ms
[debug]     Load.loadUnit: cleanEvalClasses took 53.4141ms
[debug]   Load.loadUnit(file:/C:/Users/liam/Code/MagicalMonsters/, ...) took 5403.8103ms
[debug] Load.apply: load took 5407.227001ms
[debug] Load.apply: resolveProjects took 0.1824ms
[debug] Load.apply: finalTransforms took 52.2ms
[debug] Load.apply: config.delegates took 0.7484ms
[debug] Load.apply: Def.make(settings)... took 164.6905ms
[debug] Load.apply: structureIndex took 85.5229ms
[debug] Load.apply: mkStreams took 0.005001ms
[info] set current project to MagicalMonsters (in build file:/C:/Users/liam/Code/MagicalMonsters/)
[debug] > Exec(sbtPopOnFailure, None, None)
[debug] > Exec(resumeFromFailure, None, None)
[debug] > Exec(notifyUsersAboutShell, None, None)
[debug] > Exec(iflast shell, None, None)
[debug] > Exec(; set ideaPort in Global := 54523 ; idea-shell, None, None)
[debug] > Exec(set ideaPort in Global := 54523, None, None)
[info] Defining Global / ideaPort
[info] The new value will be used by Compile / compile, Test / compile
[debug] Defining 
[debug] 	Global / ideaPort
[debug] 
[debug] The new value will be used by 
[debug] 	Compile / compile
[debug] 	Test / compile
[info] Reapplying settings...
[info] set current project to MagicalMonsters (in build file:/C:/Users/liam/Code/MagicalMonsters/)
[debug] > Exec(idea-shell, None, None)
